[    2779ms] Minified React error #419; visit https://react.dev/errors/419 for the full message or use the non-minified dev environment for full errors and additional helpful warnings.
[    2780ms] Minified React error #419; visit https://react.dev/errors/419 for the full message or use the non-minified dev environment for full errors and additional helpful warnings.
[    2780ms] Minified React error #419; visit https://react.dev/errors/419 for the full message or use the non-minified dev environment for full errors and additional helpful warnings.
[    2780ms] Minified React error #419; visit https://react.dev/errors/419 for the full message or use the non-minified dev environment for full errors and additional helpful warnings.
[    2780ms] Minified React error #419; visit https://react.dev/errors/419 for the full message or use the non-minified dev environment for full errors and additional helpful warnings.
[    2780ms] Minified React error #419; visit https://react.dev/errors/419 for the full message or use the non-minified dev environment for full errors and additional helpful warnings.
[    2780ms] Minified React error #419; visit https://react.dev/errors/419 for the full message or use the non-minified dev environment for full errors and additional helpful warnings.
[    2781ms] Minified React error #419; visit https://react.dev/errors/419 for the full message or use the non-minified dev environment for full errors and additional helpful warnings.
[    2781ms] Minified React error #419; visit https://react.dev/errors/419 for the full message or use the non-minified dev environment for full errors and additional helpful warnings.
[    2781ms] Minified React error #419; visit https://react.dev/errors/419 for the full message or use the non-minified dev environment for full errors and additional helpful warnings.
[    2782ms] Minified React error #419; visit https://react.dev/errors/419 for the full message or use the non-minified dev environment for full errors and additional helpful warnings.
[    2782ms] Minified React error #419; visit https://react.dev/errors/419 for the full message or use the non-minified dev environment for full errors and additional helpful warnings.
[    2782ms] Minified React error #419; visit https://react.dev/errors/419 for the full message or use the non-minified dev environment for full errors and additional helpful warnings.
[    2782ms] Minified React error #419; visit https://react.dev/errors/419 for the full message or use the non-minified dev environment for full errors and additional helpful warnings.
[    2783ms] Minified React error #419; visit https://react.dev/errors/419 for the full message or use the non-minified dev environment for full errors and additional helpful warnings.
[    2783ms] Minified React error #419; visit https://react.dev/errors/419 for the full message or use the non-minified dev environment for full errors and additional helpful warnings.
[    2783ms] Minified React error #419; visit https://react.dev/errors/419 for the full message or use the non-minified dev environment for full errors and additional helpful warnings.
[    2783ms] Minified React error #419; visit https://react.dev/errors/419 for the full message or use the non-minified dev environment for full errors and additional helpful warnings.
[    2783ms] Minified React error #419; visit https://react.dev/errors/419 for the full message or use the non-minified dev environment for full errors and additional helpful warnings.
[    2814ms] [ERROR] Failed to load resource: the server responded with a status of 403 () @ https://vercel.com/api/v1/dashboard/projects/supermarket-pos?teamId=joshua-owusus-projects:0
[    2988ms] [ERROR] Failed to load resource: the server responded with a status of 403 () @ https://vercel.com/api/dashboard/projects/supermarket-pos/activity?teamId=joshua-owusus-projects:0
[    3027ms] [ERROR] Failed to load resource: the server responded with a status of 403 () @ https://vercel.com/api/v1/notifications/push:0
[    3166ms] [ERROR] The script resource is behind a redirect, which is disallowed. @ :0
[    3167ms] [ERROR] Failed to load resource: the server responded with a status of 403 () @ https://vercel.com/api/v2/teams/joshua-owusus-projects?flags=true&permissions=true:0
[    3168ms] [ERROR] Failed to load resource: the server responded with a status of 403 () @ https://vercel.com/api/v2/teams/joshua-owusus-projects:0
[    3501ms] [WARNING] [GSI_LOGGER]: Your client application uses one of the Google One Tap prompt UI status methods that may stop functioning when FedCM becomes mandatory. Refer to the migration guide to update your code accordingly and opt-in to FedCM to test your changes. Learn more: https://developers.google.com/identity/gsi/web/guides/fedcm-migration?s=dc#display_moment and https://developers.google.com/identity/gsi/web/guides/fedcm-migration?s=dc#skipped_moment @ https://accounts.google.com/gsi/client:80
[    3519ms] [ERROR] Not signed in with the identity provider. @ https://vercel.com/login?next=%2Fjoshua-owusus-projects%2Fsupermarket-pos:0
[    3663ms] [WARNING] Deprecated API for given entry type. @ https://vercel.com/_next/static/chunks/b19fa70d03b305a4.js?dpl=dpl_7vCoqRYXETvQ7SGZx9pZVTv92av1:18
[    3666ms] [ERROR] Failed to load resource: the server responded with a status of 403 () @ https://vercel.com/api/jwt:0
[    3767ms] [ERROR] Failed to load resource: the server responded with a status of 403 () @ https://vercel.com/api/v1/dashboard/projects/undefined:0
[    6398ms] [ERROR] [GSI_LOGGER]: FedCM get() rejects with NetworkError: Error retrieving a token. @ https://vercel.com/_next/static/chunks/2cad49f99be6c289.js?dpl=dpl_7vCoqRYXETvQ7SGZx9pZVTv92av1:2
[    6425ms] [ERROR] Failed to load resource: the server responded with a status of 429 () @ https://o205439.ingest.sentry.io/api/1323670/envelope/?sentry_key=d00780d432ac4ccf882f60dd02062e14&sentry_version=7&sentry_client=sentry.javascript.browser%2F7.111.0:0
[   11222ms] [WARNING] The resource https://vercel.com/_next/static/media/797e433ab948586e.p.dbea232f.woff2 was preloaded using link preload but not used within a few seconds from the window's load event. Please make sure it has an appropriate `as` value and it is preloaded intentionally. @ https://vercel.com/login?next=%2Fjoshua-owusus-projects%2Fsupermarket-pos:0
[   11222ms] [WARNING] The resource https://vercel.com/_next/static/media/ebay-light.a2d1b485.svg?dpl=dpl_7vCoqRYXETvQ7SGZx9pZVTv92av1&dpl=dpl_7vCoqRYXETvQ7SGZx9pZVTv92av1 was preloaded using link preload but not used within a few seconds from the window's load event. Please make sure it has an appropriate `as` value and it is preloaded intentionally. @ https://vercel.com/login?next=%2Fjoshua-owusus-projects%2Fsupermarket-pos:0
[   11222ms] [WARNING] The resource https://vercel.com/_next/static/media/ebay-dark.c7572b4c.svg?dpl=dpl_7vCoqRYXETvQ7SGZx9pZVTv92av1&dpl=dpl_7vCoqRYXETvQ7SGZx9pZVTv92av1 was preloaded using link preload but not used within a few seconds from the window's load event. Please make sure it has an appropriate `as` value and it is preloaded intentionally. @ https://vercel.com/login?next=%2Fjoshua-owusus-projects%2Fsupermarket-pos:0
[   11222ms] [WARNING] The resource https://vercel.com/_next/static/media/stripe-light.4919d80b.svg?dpl=dpl_7vCoqRYXETvQ7SGZx9pZVTv92av1&dpl=dpl_7vCoqRYXETvQ7SGZx9pZVTv92av1 was preloaded using link preload but not used within a few seconds from the window's load event. Please make sure it has an appropriate `as` value and it is preloaded intentionally. @ https://vercel.com/login?next=%2Fjoshua-owusus-projects%2Fsupermarket-pos:0
[   11222ms] [WARNING] The resource https://vercel.com/_next/static/media/caa3a2e1cccd8315.p.853070df.woff2 was preloaded using link preload but not used within a few seconds from the window's load event. Please make sure it has an appropriate `as` value and it is preloaded intentionally. @ https://vercel.com/login?next=%2Fjoshua-owusus-projects%2Fsupermarket-pos:0
[   11222ms] [WARNING] The resource https://vercel.com/_next/static/media/stripe-dark.aebeabe0.svg?dpl=dpl_7vCoqRYXETvQ7SGZx9pZVTv92av1&dpl=dpl_7vCoqRYXETvQ7SGZx9pZVTv92av1 was preloaded using link preload but not used within a few seconds from the window's load event. Please make sure it has an appropriate `as` value and it is preloaded intentionally. @ https://vercel.com/login?next=%2Fjoshua-owusus-projects%2Fsupermarket-pos:0
